0 info it worked if it ends with ok
1 verbose cli [ 'node',
1 verbose cli   '/usr/local/bin/npm',
1 verbose cli   'install',
1 verbose cli   'angular-editable-text',
1 verbose cli   '--dry-run' ]
2 info using npm@3.8.7
3 info using node@v0.10.35
4 silly loadCurrentTree Starting
5 silly install loadCurrentTree
6 silly install readLocalPackageData
7 silly fetchPackageMetaData angular-editable-text
8 silly fetchNamedPackageData angular-editable-text
9 silly mapToRegistry name angular-editable-text
10 silly mapToRegistry using default registry
11 silly mapToRegistry registry https://registry.npmjs.org/
12 silly mapToRegistry data { raw: 'angular-editable-text',
12 silly mapToRegistry   scope: null,
12 silly mapToRegistry   name: 'angular-editable-text',
12 silly mapToRegistry   rawSpec: '',
12 silly mapToRegistry   spec: 'latest',
12 silly mapToRegistry   type: 'tag' }
13 silly mapToRegistry uri https://registry.npmjs.org/angular-editable-text
14 verbose request uri https://registry.npmjs.org/angular-editable-text
15 verbose request no auth needed
16 info attempt registry request try #1 at 17:08:26
17 verbose request id 3dd8a12191e09d1d
18 http request GET https://registry.npmjs.org/angular-editable-text
19 http 404 https://registry.npmjs.org/angular-editable-text
20 verbose headers { 'content-type': 'application/json',
20 verbose headers   'cache-control': 'max-age=0',
20 verbose headers   'content-length': '2',
20 verbose headers   'accept-ranges': 'bytes',
20 verbose headers   date: 'Sun, 24 Apr 2016 07:08:27 GMT',
20 verbose headers   via: '1.1 varnish',
20 verbose headers   age: '0',
20 verbose headers   connection: 'keep-alive',
20 verbose headers   'x-served-by': 'cache-syd1623-SYD',
20 verbose headers   'x-cache': 'MISS',
20 verbose headers   'x-cache-hits': '0',
20 verbose headers   'x-timer': 'S1461481707.699006,VS0,VE225',
20 verbose headers   vary: 'Accept-Encoding' }
21 silly get cb [ 404,
21 silly get   { 'content-type': 'application/json',
21 silly get     'cache-control': 'max-age=0',
21 silly get     'content-length': '2',
21 silly get     'accept-ranges': 'bytes',
21 silly get     date: 'Sun, 24 Apr 2016 07:08:27 GMT',
21 silly get     via: '1.1 varnish',
21 silly get     age: '0',
21 silly get     connection: 'keep-alive',
21 silly get     'x-served-by': 'cache-syd1623-SYD',
21 silly get     'x-cache': 'MISS',
21 silly get     'x-cache-hits': '0',
21 silly get     'x-timer': 'S1461481707.699006,VS0,VE225',
21 silly get     vary: 'Accept-Encoding' } ]
22 silly fetchPackageMetaData Error: Registry returned 404 for GET on https://registry.npmjs.org/angular-editable-text
22 silly fetchPackageMetaData     at makeError (/usr/local/lib/node_modules/npm/node_modules/npm-registry-client/lib/request.js:264:12)
22 silly fetchPackageMetaData     at CachingRegistryClient.<anonymous> (/usr/local/lib/node_modules/npm/node_modules/npm-registry-client/lib/request.js:242:14)
22 silly fetchPackageMetaData     at Request._callback (/usr/local/lib/node_modules/npm/node_modules/npm-registry-client/lib/request.js:172:14)
22 silly fetchPackageMetaData     at Request.self.callback (/usr/local/lib/node_modules/npm/node_modules/request/request.js:200:22)
22 silly fetchPackageMetaData     at Request.emit (events.js:98:17)
22 silly fetchPackageMetaData     at Request.<anonymous> (/usr/local/lib/node_modules/npm/node_modules/request/request.js:1041:10)
22 silly fetchPackageMetaData     at Request.emit (events.js:117:20)
22 silly fetchPackageMetaData     at IncomingMessage.<anonymous> (/usr/local/lib/node_modules/npm/node_modules/request/request.js:968:12)
22 silly fetchPackageMetaData     at IncomingMessage.emit (events.js:117:20)
22 silly fetchPackageMetaData     at _stream_readable.js:944:16
22 silly fetchPackageMetaData  error for angular-editable-text { [Error: Registry returned 404 for GET on https://registry.npmjs.org/angular-editable-text] pkgid: 'angular-editable-text', statusCode: 404, code: 'E404' }
23 silly install printInstalled
24 verbose stack Error: Registry returned 404 for GET on https://registry.npmjs.org/angular-editable-text
24 verbose stack     at makeError (/usr/local/lib/node_modules/npm/node_modules/npm-registry-client/lib/request.js:264:12)
24 verbose stack     at CachingRegistryClient.<anonymous> (/usr/local/lib/node_modules/npm/node_modules/npm-registry-client/lib/request.js:242:14)
24 verbose stack     at Request._callback (/usr/local/lib/node_modules/npm/node_modules/npm-registry-client/lib/request.js:172:14)
24 verbose stack     at Request.self.callback (/usr/local/lib/node_modules/npm/node_modules/request/request.js:200:22)
24 verbose stack     at Request.emit (events.js:98:17)
24 verbose stack     at Request.<anonymous> (/usr/local/lib/node_modules/npm/node_modules/request/request.js:1041:10)
24 verbose stack     at Request.emit (events.js:117:20)
24 verbose stack     at IncomingMessage.<anonymous> (/usr/local/lib/node_modules/npm/node_modules/request/request.js:968:12)
24 verbose stack     at IncomingMessage.emit (events.js:117:20)
24 verbose stack     at _stream_readable.js:944:16
25 verbose statusCode 404
26 verbose pkgid angular-editable-text
27 verbose cwd /Users/Byron/Desktop/Programming/firebase-todo
28 error Darwin 13.4.0
29 error argv "node" "/usr/local/bin/npm" "install" "angular-editable-text" "--dry-run"
30 error node v0.10.35
31 error npm  v3.8.7
32 error code E404
33 error 404 Registry returned 404 for GET on https://registry.npmjs.org/angular-editable-text
34 error 404
35 error 404 'angular-editable-text' is not in the npm registry.
36 error 404 You should bug the author to publish it (or use the name yourself!)
37 error 404 Note that you can also install from a
38 error 404 tarball, folder, http url, or git url.
39 verbose exit [ 1, true ]
